[13:26:13] [Server thread/INFO]: Starting minecraft server version 1.12
[13:26:13] [Server thread/INFO]: Loading properties
[13:26:13] [Server thread/INFO]: Default game type: CREATIVE
[13:26:13] [Server thread/INFO]: Generating keypair
[13:26:13] [Server thread/INFO]: Starting Minecraft server on *:25565
[13:26:13] [Server thread/INFO]: Using default channel type
[13:26:14] [Server thread/INFO]: This server is running CraftBukkit version git-Bukkit-ed8c725 (MC: 1.12) (Implementing API version 1.12-R0.1-SNAPSHOT)
[13:26:15] [Server thread/INFO]: [RaspberryJuice] Loading RaspberryJuice v1.10
[13:26:15] [Server thread/WARN]: **** SERVER IS RUNNING IN OFFLINE/INSECURE MODE!
[13:26:15] [Server thread/WARN]: The server will make no attempt to authenticate usernames. Beware.
[13:26:15] [Server thread/WARN]: While this makes the game possible to play without internet access, it also opens up the ability for hackers to connect with any username they choose.
[13:26:15] [Server thread/WARN]: To change this, set "online-mode" to "true" in the server.properties file.
[13:26:15] [Server thread/INFO]: Preparing level "world"
[13:26:15] [Server thread/INFO]: Preparing start region for level 0 (Seed: -8646501362310748061)
[13:26:16] [Server thread/INFO]: Preparing spawn area: 54%
[13:26:16] [Server thread/INFO]: Preparing start region for level 1 (Seed: -8646501362310748061)
[13:26:17] [Server thread/INFO]: Preparing start region for level 2 (Seed: -8646501362310748061)
[13:26:17] [Server thread/INFO]: [RaspberryJuice] Enabling RaspberryJuice v1.10
[13:26:17] [Server thread/INFO]: [RaspberryJuice] Using port 4711
[13:26:17] [Server thread/INFO]: [RaspberryJuice] Using ABSOLUTE locations
[13:26:17] [Server thread/INFO]: [RaspberryJuice] Using BOTH clicks for hits
[13:26:17] [Server thread/INFO]: [RaspberryJuice] ThreadListener Started
[13:26:17] [Server thread/INFO]: Server permissions file permissions.yml is empty, ignoring it
[13:26:17] [Server thread/INFO]: Done (2,863s)! For help, type "help" or "?"
[13:29:03] [Server thread/INFO]: Lyuuubo[/127.0.0.1:53690] logged in with entity id 14 at ([world]-167.0835757187171, 64.0, 506.71204708704374)
[13:35:57] [Thread-7/INFO]: [RaspberryJuice] Starting input thread
[13:35:57] [Thread-5/INFO]: [RaspberryJuice] Opened connection to/127.0.0.1:63474.
[13:35:57] [Thread-8/INFO]: [RaspberryJuice] Starting output thread!
[13:35:57] [Server thread/INFO]: [RaspberryJuice] Closed connection to/127.0.0.1:63474.
[13:36:29] [Thread-5/INFO]: [RaspberryJuice] Opened connection to/127.0.0.1:63481.
[13:36:29] [Thread-10/INFO]: [RaspberryJuice] Starting output thread!
[13:36:29] [Thread-9/INFO]: [RaspberryJuice] Starting input thread
[13:36:29] [Server thread/INFO]: Puto Ra£l que gay[m
[13:36:29] [Server thread/INFO]: [RaspberryJuice] Closed connection to/127.0.0.1:63481.
[13:37:31] [Thread-5/INFO]: [RaspberryJuice] Opened connection to/127.0.0.1:63495.
[13:37:31] [Thread-11/INFO]: [RaspberryJuice] Starting input thread
[13:37:31] [Thread-12/INFO]: [RaspberryJuice] Starting output thread!
[13:37:31] [Server thread/INFO]: Puto Ra£l que gay[m
[13:37:31] [Server thread/INFO]: El kevin menja pito[m
[13:37:31] [Server thread/INFO]: [RaspberryJuice] Closed connection to/127.0.0.1:63495.
[13:39:41] [Thread-5/INFO]: [RaspberryJuice] Opened connection to/127.0.0.1:63507.
[13:39:41] [Thread-14/INFO]: [RaspberryJuice] Starting output thread!
[13:39:41] [Thread-13/INFO]: [RaspberryJuice] Starting input thread
[13:39:41] [Server thread/INFO]: Puto Raul que gay[m
[13:39:41] [Server thread/INFO]: El kevin menja pito[m
[13:39:41] [Server thread/INFO]: [RaspberryJuice] Closed connection to/127.0.0.1:63507.
[13:39:57] [Server thread/INFO]: Lyuuubo lost connection: Disconnected
[13:39:57] [Server thread/INFO]: Lyuuubo left the game
